[debug] [2022-12-13T00:13:59.304Z] ----------------------------------------------------------------------
[debug] [2022-12-13T00:13:59.308Z] Command:       C:\Program Files\nodejs\node.exe C:\Users\aliso\AppData\Roaming\npm\node_modules\firebase-tools\lib\bin\firebase.js deploy --only functions:collectParkData
[debug] [2022-12-13T00:13:59.310Z] CLI Version:   11.17.0
[debug] [2022-12-13T00:13:59.310Z] Platform:      win32
[debug] [2022-12-13T00:13:59.310Z] Node Version:  v16.15.1
[debug] [2022-12-13T00:13:59.312Z] Time:          Mon Dec 12 2022 18:13:59 GMT-0600 (Central Standard Time)
[debug] [2022-12-13T00:13:59.313Z] ----------------------------------------------------------------------
[debug] 
[debug] [2022-12-13T00:13:59.906Z] > command requires scopes: ["email","openid","https://www.googleapis.com/auth/cloudplatformprojects.readonly","https://www.googleapis.com/auth/firebase","https://www.googleapis.com/auth/cloud-platform"]
[debug] [2022-12-13T00:13:59.907Z] > authorizing via signed-in user (alisonchilders314@gmail.com)
[debug] [2022-12-13T00:13:59.907Z] [iam] checking project disney-daily-planner-dbad2 for permissions ["cloudfunctions.functions.create","cloudfunctions.functions.delete","cloudfunctions.functions.get","cloudfunctions.functions.list","cloudfunctions.functions.update","cloudfunctions.operations.get","firebase.projects.get"]
[debug] [2022-12-13T00:13:59.913Z] >>> [apiv2][query] POST https://cloudresourcemanager.googleapis.com/v1/projects/disney-daily-planner-dbad2:testIamPermissions [none]
[debug] [2022-12-13T00:13:59.913Z] >>> [apiv2][(partial)header] POST https://cloudresourcemanager.googleapis.com/v1/projects/disney-daily-planner-dbad2:testIamPermissions x-goog-quota-user=projects/disney-daily-planner-dbad2
[debug] [2022-12-13T00:13:59.914Z] >>> [apiv2][body] POST https://cloudresourcemanager.googleapis.com/v1/projects/disney-daily-planner-dbad2:testIamPermissions {"permissions":["cloudfunctions.functions.create","cloudfunctions.functions.delete","cloudfunctions.functions.get","cloudfunctions.functions.list","cloudfunctions.functions.update","cloudfunctions.operations.get","firebase.projects.get"]}
[debug] [2022-12-13T00:14:00.603Z] <<< [apiv2][status] POST https://cloudresourcemanager.googleapis.com/v1/projects/disney-daily-planner-dbad2:testIamPermissions 200
[debug] [2022-12-13T00:14:00.603Z] <<< [apiv2][body] POST https://cloudresourcemanager.googleapis.com/v1/projects/disney-daily-planner-dbad2:testIamPermissions {"permissions":["cloudfunctions.functions.create","cloudfunctions.functions.delete","cloudfunctions.functions.get","cloudfunctions.functions.list","cloudfunctions.functions.update","cloudfunctions.operations.get","firebase.projects.get"]}
[debug] [2022-12-13T00:14:00.604Z] >>> [apiv2][query] POST https://iam.googleapis.com/v1/projects/disney-daily-planner-dbad2/serviceAccounts/disney-daily-planner-dbad2@appspot.gserviceaccount.com:testIamPermissions [none]
[debug] [2022-12-13T00:14:00.604Z] >>> [apiv2][body] POST https://iam.googleapis.com/v1/projects/disney-daily-planner-dbad2/serviceAccounts/disney-daily-planner-dbad2@appspot.gserviceaccount.com:testIamPermissions {"permissions":["iam.serviceAccounts.actAs"]}
[debug] [2022-12-13T00:14:01.011Z] <<< [apiv2][status] POST https://iam.googleapis.com/v1/projects/disney-daily-planner-dbad2/serviceAccounts/disney-daily-planner-dbad2@appspot.gserviceaccount.com:testIamPermissions 200
[debug] [2022-12-13T00:14:01.012Z] <<< [apiv2][body] POST https://iam.googleapis.com/v1/projects/disney-daily-planner-dbad2/serviceAccounts/disney-daily-planner-dbad2@appspot.gserviceaccount.com:testIamPermissions {"permissions":["iam.serviceAccounts.actAs"]}
[info] 
[info] === Deploying to 'disney-daily-planner-dbad2'...
[info] 
[info] i  deploying functions 
[info] Running command: npm --prefix "$RESOURCE_DIR" run lint
[info] +  functions: Finished running predeploy script. 
[debug] [2022-12-13T00:14:10.127Z] >>> [apiv2][query] GET https://firebase.googleapis.com/v1beta1/projects/disney-daily-planner-dbad2 [none]
[debug] [2022-12-13T00:14:10.439Z] <<< [apiv2][status] GET https://firebase.googleapis.com/v1beta1/projects/disney-daily-planner-dbad2 200
[debug] [2022-12-13T00:14:10.439Z] <<< [apiv2][body] GET https://firebase.googleapis.com/v1beta1/projects/disney-daily-planner-dbad2 {"projectId":"disney-daily-planner-dbad2","projectNumber":"401303154540","displayName":"disney-daily-planner","name":"projects/disney-daily-planner-dbad2","resources":{"hostingSite":"disney-daily-planner-dbad2","realtimeDatabaseInstance":"disney-daily-planner-dbad2-default-rtdb","storageBucket":"disney-daily-planner-dbad2.appspot.com","locationId":"us-central"},"state":"ACTIVE","etag":"1_d02cf775-14a5-4bcc-8697-3cc1be25a472"}
[info] i  functions: ensuring required API cloudfunctions.googleapis.com is enabled... 
[info] i  functions: ensuring required API cloudbuild.googleapis.com is enabled... 
[info] i  artifactregistry: ensuring required API artifactregistry.googleapis.com is enabled... 
[debug] [2022-12-13T00:14:10.456Z] >>> [apiv2][query] GET https://serviceusage.googleapis.com/v1/projects/disney-daily-planner-dbad2/services/cloudfunctions.googleapis.com [none]
[debug] [2022-12-13T00:14:10.456Z] >>> [apiv2][(partial)header] GET https://serviceusage.googleapis.com/v1/projects/disney-daily-planner-dbad2/services/cloudfunctions.googleapis.com x-goog-quota-user=projects/disney-daily-planner-dbad2
[debug] [2022-12-13T00:14:10.460Z] >>> [apiv2][query] GET https://serviceusage.googleapis.com/v1/projects/disney-daily-planner-dbad2/services/runtimeconfig.googleapis.com [none]
[debug] [2022-12-13T00:14:10.460Z] >>> [apiv2][(partial)header] GET https://serviceusage.googleapis.com/v1/projects/disney-daily-planner-dbad2/services/runtimeconfig.googleapis.com x-goog-quota-user=projects/disney-daily-planner-dbad2
[debug] [2022-12-13T00:14:10.462Z] >>> [apiv2][query] GET https://serviceusage.googleapis.com/v1/projects/disney-daily-planner-dbad2/services/cloudbuild.googleapis.com [none]
[debug] [2022-12-13T00:14:10.462Z] >>> [apiv2][(partial)header] GET https://serviceusage.googleapis.com/v1/projects/disney-daily-planner-dbad2/services/cloudbuild.googleapis.com x-goog-quota-user=projects/disney-daily-planner-dbad2
[debug] [2022-12-13T00:14:10.463Z] >>> [apiv2][query] GET https://serviceusage.googleapis.com/v1/projects/disney-daily-planner-dbad2/services/artifactregistry.googleapis.com [none]
[debug] [2022-12-13T00:14:10.463Z] >>> [apiv2][(partial)header] GET https://serviceusage.googleapis.com/v1/projects/disney-daily-planner-dbad2/services/artifactregistry.googleapis.com x-goog-quota-user=projects/disney-daily-planner-dbad2
[debug] [2022-12-13T00:14:10.846Z] <<< [apiv2][status] GET https://serviceusage.googleapis.com/v1/projects/disney-daily-planner-dbad2/services/runtimeconfig.googleapis.com 200
[debug] [2022-12-13T00:14:10.846Z] <<< [apiv2][body] GET https://serviceusage.googleapis.com/v1/projects/disney-daily-planner-dbad2/services/runtimeconfig.googleapis.com [omitted]
[debug] [2022-12-13T00:14:10.872Z] <<< [apiv2][status] GET https://serviceusage.googleapis.com/v1/projects/disney-daily-planner-dbad2/services/artifactregistry.googleapis.com 200
[debug] [2022-12-13T00:14:10.872Z] <<< [apiv2][body] GET https://serviceusage.googleapis.com/v1/projects/disney-daily-planner-dbad2/services/artifactregistry.googleapis.com [omitted]
[info] +  artifactregistry: required API artifactregistry.googleapis.com is enabled 
[debug] [2022-12-13T00:14:10.875Z] <<< [apiv2][status] GET https://serviceusage.googleapis.com/v1/projects/disney-daily-planner-dbad2/services/cloudfunctions.googleapis.com 200
[debug] [2022-12-13T00:14:10.875Z] <<< [apiv2][body] GET https://serviceusage.googleapis.com/v1/projects/disney-daily-planner-dbad2/services/cloudfunctions.googleapis.com [omitted]
[info] +  functions: required API cloudfunctions.googleapis.com is enabled 
[debug] [2022-12-13T00:14:10.896Z] <<< [apiv2][status] GET https://serviceusage.googleapis.com/v1/projects/disney-daily-planner-dbad2/services/cloudbuild.googleapis.com 200
[debug] [2022-12-13T00:14:10.896Z] <<< [apiv2][body] GET https://serviceusage.googleapis.com/v1/projects/disney-daily-planner-dbad2/services/cloudbuild.googleapis.com [omitted]
[info] +  functions: required API cloudbuild.googleapis.com is enabled 
[debug] [2022-12-13T00:14:10.898Z] >>> [apiv2][query] GET https://firebase.googleapis.com/v1beta1/projects/disney-daily-planner-dbad2/adminSdkConfig [none]
[debug] [2022-12-13T00:14:11.198Z] <<< [apiv2][status] GET https://firebase.googleapis.com/v1beta1/projects/disney-daily-planner-dbad2/adminSdkConfig 200
[debug] [2022-12-13T00:14:11.199Z] <<< [apiv2][body] GET https://firebase.googleapis.com/v1beta1/projects/disney-daily-planner-dbad2/adminSdkConfig {"projectId":"disney-daily-planner-dbad2","databaseURL":"https://disney-daily-planner-dbad2-default-rtdb.firebaseio.com","storageBucket":"disney-daily-planner-dbad2.appspot.com","locationId":"us-central"}
[debug] [2022-12-13T00:14:11.202Z] >>> [apiv2][query] GET https://runtimeconfig.googleapis.com/v1beta1/projects/disney-daily-planner-dbad2/configs [none]
[debug] [2022-12-13T00:14:11.740Z] <<< [apiv2][status] GET https://runtimeconfig.googleapis.com/v1beta1/projects/disney-daily-planner-dbad2/configs 200
[debug] [2022-12-13T00:14:11.741Z] <<< [apiv2][body] GET https://runtimeconfig.googleapis.com/v1beta1/projects/disney-daily-planner-dbad2/configs {}
[info] i  functions: preparing codebase default for deployment 
[debug] [2022-12-13T00:14:11.750Z] Validating nodejs source
[warn] !  functions: package.json indicates an outdated version of firebase-functions. Please upgrade using npm install --save firebase-functions@latest in your functions directory. 
[warn] !  functions: Please note that there will be breaking changes when you upgrade. 
[debug] [2022-12-13T00:14:22.543Z] > [functions] package.json contents: {
  "name": "functions",
  "description": "Cloud Functions for Firebase",
  "scripts": {
    "lint": "eslint .",
    "serve": "firebase emulators:start --only functions",
    "shell": "firebase functions:shell",
    "start": "npm run shell",
    "deploy": "firebase deploy --only functions",
    "logs": "firebase functions:log"
  },
  "engines": {
    "node": "16"
  },
  "main": "index.js",
  "dependencies": {
    "firebase-admin": "^10.0.2",
    "firebase-functions": "^3.18.0",
    "themeparks": "^5.1.53"
  },
  "devDependencies": {
    "eslint": "^8.9.0",
    "eslint-config-google": "^0.14.0",
    "firebase-functions-test": "^0.2.0"
  },
  "private": true
}
[debug] [2022-12-13T00:14:22.543Z] Building nodejs source
[info] i  functions: Loaded environment variables from .env. 
[debug] [2022-12-13T00:14:22.553Z] Could not find functions.yaml. Must use http discovery
[debug] [2022-12-13T00:14:23.391Z] Serving at port 9005

[debug] [2022-12-13T00:14:27.181Z] Got response from /__/functions.yaml {"endpoints":{"helloWorld":{"platform":"gcfv1","httpsTrigger":{},"entryPoint":"helloWorld"},"collectParkData":{"platform":"gcfv1","scheduleTrigger":{"schedule":"0 8,9,10,11,12,13,14,15,16,17,18,19 * * *","timeZone":"America/New_York"},"labels":{},"entryPoint":"collectParkData"}},"specVersion":"v1alpha1","requiredAPIs":[{"api":"cloudscheduler.googleapis.com","reason":"Needed for scheduled functions."}]}
[debug] [2022-12-13T00:14:27.195Z] shutdown requested via /__/quitquitquit

[info] i  functions: preparing functions directory for uploading... 
[info] i  functions: packaged C:\Users\aliso\Documents\disney-daily-planner\functions (102.17 KB) for uploading 
[debug] [2022-12-13T00:14:27.359Z] >>> [apiv2][query] GET https://cloudfunctions.googleapis.com/v1/projects/disney-daily-planner-dbad2/locations/-/functions [none]
[debug] [2022-12-13T00:14:27.834Z] <<< [apiv2][status] GET https://cloudfunctions.googleapis.com/v1/projects/disney-daily-planner-dbad2/locations/-/functions 200
[debug] [2022-12-13T00:14:27.834Z] <<< [apiv2][body] GET https://cloudfunctions.googleapis.com/v1/projects/disney-daily-planner-dbad2/locations/-/functions {"functions":[{"name":"projects/disney-daily-planner-dbad2/locations/us-central1/functions/collectParkData","eventTrigger":{"eventType":"google.pubsub.topic.publish","resource":"projects/disney-daily-planner-dbad2/topics/firebase-schedule-collectParkData-us-central1","service":"pubsub.googleapis.com","failurePolicy":{}},"status":"ACTIVE","entryPoint":"collectParkData","timeout":"60s","availableMemoryMb":256,"serviceAccountEmail":"disney-daily-planner-dbad2@appspot.gserviceaccount.com","updateTime":"2022-12-12T23:53:01.412Z","versionId":"13","labels":{"deployment-tool":"cli-firebase","deployment-scheduled":"true","firebase-functions-hash":"1c66a1ca9fbb961ba97c83cc29a4ddb0be30241a"},"sourceUploadUrl":"https://storage.googleapis.com/uploads-756654863367.us-central1.cloudfunctions.appspot.com/988d8042-8137-4e9f-b1ab-982e67dfb307.zip","environmentVariables":{"REACT_APP_FIREBASE_KEY":"AIzaSyC5aFsjKiuGgD-3uxDtO50vuOjWujZEds4","FIREBASE_CONFIG":"{\"projectId\":\"disney-daily-planner-dbad2\",\"databaseURL\":\"https://disney-daily-planner-dbad2-default-rtdb.firebaseio.com\",\"storageBucket\":\"disney-daily-planner-dbad2.appspot.com\",\"locationId\":\"us-central\"}","GCLOUD_PROJECT":"disney-daily-planner-dbad2","EVENTARC_CLOUD_EVENT_SOURCE":"projects/disney-daily-planner-dbad2/locations/us-central1/functions/collectParkData"},"runtime":"nodejs16","maxInstances":3000,"ingressSettings":"ALLOW_ALL","buildId":"20090e35-e3dc-403a-91cb-e66b1dd65928","buildName":"projects/401303154540/locations/us-central1/builds/20090e35-e3dc-403a-91cb-e66b1dd65928","dockerRegistry":"ARTIFACT_REGISTRY"},{"name":"projects/disney-daily-planner-dbad2/locations/us-central1/functions/helloWorld","httpsTrigger":{"url":"https://us-central1-disney-daily-planner-dbad2.cloudfunctions.net/helloWorld","securityLevel":"SECURE_ALWAYS"},"status":"ACTIVE","entryPoint":"helloWorld","timeout":"60s","availableMemoryMb":256,"serviceAccountEmail":"disney-daily-planner-dbad2@appspot.gserviceaccount.com","updateTime":"2022-12-11T21:48:26.499Z","versionId":"1","labels":{"deployment-tool":"cli-firebase","firebase-functions-hash":"9ff1e7660eb8f65a4cbcfc9acc2c0cfd739a4caa"},"sourceUploadUrl":"https://storage.googleapis.com/uploads-756654863367.us-central1.cloudfunctions.appspot.com/700b0087-b1e3-4672-99cc-59345fe934c0.zip","environmentVariables":{"FIREBASE_CONFIG":"{\"projectId\":\"disney-daily-planner-dbad2\",\"databaseURL\":\"https://disney-daily-planner-dbad2-default-rtdb.firebaseio.com\",\"storageBucket\":\"disney-daily-planner-dbad2.appspot.com\",\"locationId\":\"us-central\"}","GCLOUD_PROJECT":"disney-daily-planner-dbad2","EVENTARC_CLOUD_EVENT_SOURCE":"projects/disney-daily-planner-dbad2/locations/us-central1/functions/helloWorld"},"runtime":"nodejs16","ingressSettings":"ALLOW_ALL","buildId":"9d26e5c2-bcc4-4351-baad-787755aadc78","buildName":"projects/401303154540/locations/us-central1/builds/9d26e5c2-bcc4-4351-baad-787755aadc78","dockerRegistry":"ARTIFACT_REGISTRY"}]}
[debug] [2022-12-13T00:14:27.837Z] >>> [apiv2][query] GET https://cloudfunctions.googleapis.com/v2/projects/disney-daily-planner-dbad2/locations/-/functions filter=environment%3D%22GEN_2%22
[debug] [2022-12-13T00:14:28.274Z] <<< [apiv2][status] GET https://cloudfunctions.googleapis.com/v2/projects/disney-daily-planner-dbad2/locations/-/functions 200
[debug] [2022-12-13T00:14:28.274Z] <<< [apiv2][body] GET https://cloudfunctions.googleapis.com/v2/projects/disney-daily-planner-dbad2/locations/-/functions {}
[info] i  functions: ensuring required API cloudscheduler.googleapis.com is enabled... 
[debug] [2022-12-13T00:14:28.289Z] >>> [apiv2][query] GET https://serviceusage.googleapis.com/v1/projects/disney-daily-planner-dbad2/services/cloudscheduler.googleapis.com [none]
[debug] [2022-12-13T00:14:28.289Z] >>> [apiv2][(partial)header] GET https://serviceusage.googleapis.com/v1/projects/disney-daily-planner-dbad2/services/cloudscheduler.googleapis.com x-goog-quota-user=projects/disney-daily-planner-dbad2
[debug] [2022-12-13T00:14:28.613Z] <<< [apiv2][status] GET https://serviceusage.googleapis.com/v1/projects/disney-daily-planner-dbad2/services/cloudscheduler.googleapis.com 200
[debug] [2022-12-13T00:14:28.613Z] <<< [apiv2][body] GET https://serviceusage.googleapis.com/v1/projects/disney-daily-planner-dbad2/services/cloudscheduler.googleapis.com [omitted]
[info] +  functions: required API cloudscheduler.googleapis.com is enabled 
[debug] [2022-12-13T00:14:28.619Z] >>> [apiv2][query] GET https://firebase.googleapis.com/v1beta1/projects/disney-daily-planner-dbad2 [none]
[debug] [2022-12-13T00:14:28.871Z] <<< [apiv2][status] GET https://firebase.googleapis.com/v1beta1/projects/disney-daily-planner-dbad2 200
[debug] [2022-12-13T00:14:28.872Z] <<< [apiv2][body] GET https://firebase.googleapis.com/v1beta1/projects/disney-daily-planner-dbad2 {"projectId":"disney-daily-planner-dbad2","projectNumber":"401303154540","displayName":"disney-daily-planner","name":"projects/disney-daily-planner-dbad2","resources":{"hostingSite":"disney-daily-planner-dbad2","realtimeDatabaseInstance":"disney-daily-planner-dbad2-default-rtdb","storageBucket":"disney-daily-planner-dbad2.appspot.com","locationId":"us-central"},"state":"ACTIVE","etag":"1_d02cf775-14a5-4bcc-8697-3cc1be25a472"}
[debug] [2022-12-13T00:14:28.875Z] >>> [apiv2][query] POST https://cloudfunctions.googleapis.com/v1/projects/disney-daily-planner-dbad2/locations/us-central1/functions:generateUploadUrl [none]
[debug] [2022-12-13T00:14:28.875Z] >>> [apiv2][body] POST https://cloudfunctions.googleapis.com/v1/projects/disney-daily-planner-dbad2/locations/us-central1/functions:generateUploadUrl {}
[debug] [2022-12-13T00:14:29.398Z] <<< [apiv2][status] POST https://cloudfunctions.googleapis.com/v1/projects/disney-daily-planner-dbad2/locations/us-central1/functions:generateUploadUrl 200
[debug] [2022-12-13T00:14:29.398Z] <<< [apiv2][body] POST https://cloudfunctions.googleapis.com/v1/projects/disney-daily-planner-dbad2/locations/us-central1/functions:generateUploadUrl {"uploadUrl":"https://storage.googleapis.com/uploads-756654863367.us-central1.cloudfunctions.appspot.com/a3387d94-0c40-4416-8954-aceea01954ac.zip?GoogleAccessId=service-401303154540@gcf-admin-robot.iam.gserviceaccount.com&Expires=1670892272&Signature=D5zagK3bts7a848FeS4l9SWDEamgs4ZGvJ433UW9%2F1Qy06Rj7ZQzl9ffALn769f876DQrbXPmMLdKZIBYYeQt5fHSR6vV%2Fb8mvVPI7IahHO8eY8LmQqKLlizFUZ7s1VPoTr9TtsWJdiRqQsRCOANpdIfn%2BDJ2Up7qZTeF3%2BSUeXgsItFZX9L3SZzh4bKX2BUhNQ9paaiRmERmrLSp%2FZTK2phPdDv6v7jjkBqGUgKBwO%2Bsoz6mwwF51dqoc9yId4%2FUDxDWjtdtshYf3iUMLgEwPEylHiqbrN1qgoQg2T7TCwBCuRj76HJv0hUocoH8FMkIit7tHrOxbXIVEY5Tf7m2w%3D%3D"}
[debug] [2022-12-13T00:14:29.402Z] >>> [apiv2][query] PUT https://storage.googleapis.com/uploads-756654863367.us-central1.cloudfunctions.appspot.com/a3387d94-0c40-4416-8954-aceea01954ac.zip GoogleAccessId=service-401303154540%40gcf-admin-robot.iam.gserviceaccount.com&Expires=1670892272&Signature=D5zagK3bts7a848FeS4l9SWDEamgs4ZGvJ433UW9%2F1Qy06Rj7ZQzl9ffALn769f876DQrbXPmMLdKZIBYYeQt5fHSR6vV%2Fb8mvVPI7IahHO8eY8LmQqKLlizFUZ7s1VPoTr9TtsWJdiRqQsRCOANpdIfn%2BDJ2Up7qZTeF3%2BSUeXgsItFZX9L3SZzh4bKX2BUhNQ9paaiRmERmrLSp%2FZTK2phPdDv6v7jjkBqGUgKBwO%2Bsoz6mwwF51dqoc9yId4%2FUDxDWjtdtshYf3iUMLgEwPEylHiqbrN1qgoQg2T7TCwBCuRj76HJv0hUocoH8FMkIit7tHrOxbXIVEY5Tf7m2w%3D%3D
[debug] [2022-12-13T00:14:29.402Z] >>> [apiv2][body] PUT https://storage.googleapis.com/uploads-756654863367.us-central1.cloudfunctions.appspot.com/a3387d94-0c40-4416-8954-aceea01954ac.zip [stream]
[debug] [2022-12-13T00:14:29.720Z] <<< [apiv2][status] PUT https://storage.googleapis.com/uploads-756654863367.us-central1.cloudfunctions.appspot.com/a3387d94-0c40-4416-8954-aceea01954ac.zip 200
[debug] [2022-12-13T00:14:29.720Z] <<< [apiv2][body] PUT https://storage.googleapis.com/uploads-756654863367.us-central1.cloudfunctions.appspot.com/a3387d94-0c40-4416-8954-aceea01954ac.zip [omitted]
[info] +  functions: functions folder uploaded successfully 
[info] i  functions: updating Node.js 16 function collectParkData(us-central1)... 
[debug] [2022-12-13T00:14:29.729Z] >>> [apiv2][query] PATCH https://cloudfunctions.googleapis.com/v1/projects/disney-daily-planner-dbad2/locations/us-central1/functions/collectParkData updateMask=name%2CsourceUploadUrl%2CentryPoint%2Cruntime%2CdockerRegistry%2Clabels%2CeventTrigger.eventType%2CeventTrigger.resource%2CenvironmentVariables%2CavailableMemoryMb%2CsourceToken
[debug] [2022-12-13T00:14:29.730Z] >>> [apiv2][body] PATCH https://cloudfunctions.googleapis.com/v1/projects/disney-daily-planner-dbad2/locations/us-central1/functions/collectParkData {"name":"projects/disney-daily-planner-dbad2/locations/us-central1/functions/collectParkData","sourceUploadUrl":"https://storage.googleapis.com/uploads-756654863367.us-central1.cloudfunctions.appspot.com/a3387d94-0c40-4416-8954-aceea01954ac.zip?GoogleAccessId=service-401303154540@gcf-admin-robot.iam.gserviceaccount.com&Expires=1670892272&Signature=D5zagK3bts7a848FeS4l9SWDEamgs4ZGvJ433UW9%2F1Qy06Rj7ZQzl9ffALn769f876DQrbXPmMLdKZIBYYeQt5fHSR6vV%2Fb8mvVPI7IahHO8eY8LmQqKLlizFUZ7s1VPoTr9TtsWJdiRqQsRCOANpdIfn%2BDJ2Up7qZTeF3%2BSUeXgsItFZX9L3SZzh4bKX2BUhNQ9paaiRmERmrLSp%2FZTK2phPdDv6v7jjkBqGUgKBwO%2Bsoz6mwwF51dqoc9yId4%2FUDxDWjtdtshYf3iUMLgEwPEylHiqbrN1qgoQg2T7TCwBCuRj76HJv0hUocoH8FMkIit7tHrOxbXIVEY5Tf7m2w%3D%3D","entryPoint":"collectParkData","runtime":"nodejs16","dockerRegistry":"ARTIFACT_REGISTRY","labels":{"deployment-tool":"cli-firebase","deployment-scheduled":"true","firebase-functions-hash":"64384015ff3e7b5c3f487a4b0c45725f22f1be67"},"eventTrigger":{"eventType":"google.pubsub.topic.publish","resource":"projects/disney-daily-planner-dbad2/topics/firebase-schedule-collectParkData-us-central1"},"environmentVariables":{"REACT_APP_FIREBASE_KEY":"AIzaSyC5aFsjKiuGgD-3uxDtO50vuOjWujZEds4","FIREBASE_CONFIG":"{\"projectId\":\"disney-daily-planner-dbad2\",\"databaseURL\":\"https://disney-daily-planner-dbad2-default-rtdb.firebaseio.com\",\"storageBucket\":\"disney-daily-planner-dbad2.appspot.com\",\"locationId\":\"us-central\"}","GCLOUD_PROJECT":"disney-daily-planner-dbad2","EVENTARC_CLOUD_EVENT_SOURCE":"projects/disney-daily-planner-dbad2/locations/us-central1/functions/collectParkData"},"availableMemoryMb":256}
[debug] [2022-12-13T00:14:30.322Z] <<< [apiv2][status] PATCH https://cloudfunctions.googleapis.com/v1/projects/disney-daily-planner-dbad2/locations/us-central1/functions/collectParkData 200
[debug] [2022-12-13T00:14:30.322Z] <<< [apiv2][body] PATCH https://cloudfunctions.googleapis.com/v1/projects/disney-daily-planner-dbad2/locations/us-central1/functions/collectParkData {"name":"operations/ZGlzbmV5LWRhaWx5LXBsYW5uZXItZGJhZDIvdXMtY2VudHJhbDEvY29sbGVjdFBhcmtEYXRhL2VMb3ZKOEpqbE1R","metadata":{"@type":"type.googleapis.com/google.cloud.functions.v1.OperationMetadataV1","target":"projects/disney-daily-planner-dbad2/locations/us-central1/functions/collectParkData","type":"UPDATE_FUNCTION","request":{"@type":"type.googleapis.com/google.cloud.functions.v1.CloudFunction","name":"projects/disney-daily-planner-dbad2/locations/us-central1/functions/collectParkData","eventTrigger":{"eventType":"google.pubsub.topic.publish","resource":"projects/disney-daily-planner-dbad2/topics/firebase-schedule-collectParkData-us-central1","service":"pubsub.googleapis.com","failurePolicy":{}},"status":"ACTIVE","entryPoint":"collectParkData","timeout":"60s","availableMemoryMb":256,"serviceAccountEmail":"disney-daily-planner-dbad2@appspot.gserviceaccount.com","updateTime":"2022-12-12T23:53:01.412Z","versionId":"13","labels":{"deployment-tool":"cli-firebase","deployment-scheduled":"true","firebase-functions-hash":"64384015ff3e7b5c3f487a4b0c45725f22f1be67"},"sourceUploadUrl":"https://storage.googleapis.com/uploads-756654863367.us-central1.cloudfunctions.appspot.com/a3387d94-0c40-4416-8954-aceea01954ac.zip?GoogleAccessId=service-401303154540@gcf-admin-robot.iam.gserviceaccount.com&Expires=1670892272&Signature=D5zagK3bts7a848FeS4l9SWDEamgs4ZGvJ433UW9%2F1Qy06Rj7ZQzl9ffALn769f876DQrbXPmMLdKZIBYYeQt5fHSR6vV%2Fb8mvVPI7IahHO8eY8LmQqKLlizFUZ7s1VPoTr9TtsWJdiRqQsRCOANpdIfn%2BDJ2Up7qZTeF3%2BSUeXgsItFZX9L3SZzh4bKX2BUhNQ9paaiRmERmrLSp%2FZTK2phPdDv6v7jjkBqGUgKBwO%2Bsoz6mwwF51dqoc9yId4%2FUDxDWjtdtshYf3iUMLgEwPEylHiqbrN1qgoQg2T7TCwBCuRj76HJv0hUocoH8FMkIit7tHrOxbXIVEY5Tf7m2w%3D%3D","environmentVariables":{"REACT_APP_FIREBASE_KEY":"AIzaSyC5aFsjKiuGgD-3uxDtO50vuOjWujZEds4","FIREBASE_CONFIG":"{\"projectId\":\"disney-daily-planner-dbad2\",\"databaseURL\":\"https://disney-daily-planner-dbad2-default-rtdb.firebaseio.com\",\"storageBucket\":\"disney-daily-planner-dbad2.appspot.com\",\"locationId\":\"us-central\"}","GCLOUD_PROJECT":"disney-daily-planner-dbad2","EVENTARC_CLOUD_EVENT_SOURCE":"projects/disney-daily-planner-dbad2/locations/us-central1/functions/collectParkData"},"runtime":"nodejs16","maxInstances":3000,"ingressSettings":"ALLOW_ALL","buildId":"20090e35-e3dc-403a-91cb-e66b1dd65928","buildName":"projects/401303154540/locations/us-central1/builds/20090e35-e3dc-403a-91cb-e66b1dd65928","dockerRegistry":"ARTIFACT_REGISTRY"},"versionId":"14","updateTime":"2022-12-13T00:14:33Z"}}
[debug] [2022-12-13T00:14:30.324Z] >>> [apiv2][query] GET https://cloudfunctions.googleapis.com/v1/operations/ZGlzbmV5LWRhaWx5LXBsYW5uZXItZGJhZDIvdXMtY2VudHJhbDEvY29sbGVjdFBhcmtEYXRhL2VMb3ZKOEpqbE1R [none]
[debug] [2022-12-13T00:14:30.572Z] <<< [apiv2][status] GET https://cloudfunctions.googleapis.com/v1/operations/ZGlzbmV5LWRhaWx5LXBsYW5uZXItZGJhZDIvdXMtY2VudHJhbDEvY29sbGVjdFBhcmtEYXRhL2VMb3ZKOEpqbE1R 200
[debug] [2022-12-13T00:14:30.572Z] <<< [apiv2][body] GET https://cloudfunctions.googleapis.com/v1/operations/ZGlzbmV5LWRhaWx5LXBsYW5uZXItZGJhZDIvdXMtY2VudHJhbDEvY29sbGVjdFBhcmtEYXRhL2VMb3ZKOEpqbE1R {"name":"operations/ZGlzbmV5LWRhaWx5LXBsYW5uZXItZGJhZDIvdXMtY2VudHJhbDEvY29sbGVjdFBhcmtEYXRhL2VMb3ZKOEpqbE1R","metadata":{"@type":"type.googleapis.com/google.cloud.functions.v1.OperationMetadataV1","target":"projects/disney-daily-planner-dbad2/locations/us-central1/functions/collectParkData","type":"UPDATE_FUNCTION","request":{"@type":"type.googleapis.com/google.cloud.functions.v1.CloudFunction","name":"projects/disney-daily-planner-dbad2/locations/us-central1/functions/collectParkData","eventTrigger":{"eventType":"google.pubsub.topic.publish","resource":"projects/disney-daily-planner-dbad2/topics/firebase-schedule-collectParkData-us-central1","service":"pubsub.googleapis.com","failurePolicy":{}},"status":"ACTIVE","entryPoint":"collectParkData","timeout":"60s","availableMemoryMb":256,"serviceAccountEmail":"disney-daily-planner-dbad2@appspot.gserviceaccount.com","updateTime":"2022-12-12T23:53:01.412Z","versionId":"13","labels":{"deployment-tool":"cli-firebase","deployment-scheduled":"true","firebase-functions-hash":"64384015ff3e7b5c3f487a4b0c45725f22f1be67"},"sourceUploadUrl":"https://storage.googleapis.com/uploads-756654863367.us-central1.cloudfunctions.appspot.com/a3387d94-0c40-4416-8954-aceea01954ac.zip?GoogleAccessId=service-401303154540@gcf-admin-robot.iam.gserviceaccount.com&Expires=1670892272&Signature=D5zagK3bts7a848FeS4l9SWDEamgs4ZGvJ433UW9%2F1Qy06Rj7ZQzl9ffALn769f876DQrbXPmMLdKZIBYYeQt5fHSR6vV%2Fb8mvVPI7IahHO8eY8LmQqKLlizFUZ7s1VPoTr9TtsWJdiRqQsRCOANpdIfn%2BDJ2Up7qZTeF3%2BSUeXgsItFZX9L3SZzh4bKX2BUhNQ9paaiRmERmrLSp%2FZTK2phPdDv6v7jjkBqGUgKBwO%2Bsoz6mwwF51dqoc9yId4%2FUDxDWjtdtshYf3iUMLgEwPEylHiqbrN1qgoQg2T7TCwBCuRj76HJv0hUocoH8FMkIit7tHrOxbXIVEY5Tf7m2w%3D%3D","environmentVariables":{"REACT_APP_FIREBASE_KEY":"AIzaSyC5aFsjKiuGgD-3uxDtO50vuOjWujZEds4","FIREBASE_CONFIG":"{\"projectId\":\"disney-daily-planner-dbad2\",\"databaseURL\":\"https://disney-daily-planner-dbad2-default-rtdb.firebaseio.com\",\"storageBucket\":\"disney-daily-planner-dbad2.appspot.com\",\"locationId\":\"us-central\"}","GCLOUD_PROJECT":"disney-daily-planner-dbad2","EVENTARC_CLOUD_EVENT_SOURCE":"projects/disney-daily-planner-dbad2/locations/us-central1/functions/collectParkData"},"runtime":"nodejs16","maxInstances":3000,"ingressSettings":"ALLOW_ALL","buildId":"20090e35-e3dc-403a-91cb-e66b1dd65928","buildName":"projects/401303154540/locations/us-central1/builds/20090e35-e3dc-403a-91cb-e66b1dd65928","dockerRegistry":"ARTIFACT_REGISTRY"},"versionId":"14","updateTime":"2022-12-13T00:14:33Z"}}
[debug] [2022-12-13T00:14:31.079Z] [update-default-us-central1-collectParkData] Retrying task index 0
[debug] [2022-12-13T00:14:31.079Z] >>> [apiv2][query] GET https://cloudfunctions.googleapis.com/v1/operations/ZGlzbmV5LWRhaWx5LXBsYW5uZXItZGJhZDIvdXMtY2VudHJhbDEvY29sbGVjdFBhcmtEYXRhL2VMb3ZKOEpqbE1R [none]
[debug] [2022-12-13T00:14:31.298Z] <<< [apiv2][status] GET https://cloudfunctions.googleapis.com/v1/operations/ZGlzbmV5LWRhaWx5LXBsYW5uZXItZGJhZDIvdXMtY2VudHJhbDEvY29sbGVjdFBhcmtEYXRhL2VMb3ZKOEpqbE1R 200
[debug] [2022-12-13T00:14:31.298Z] <<< [apiv2][body] GET https://cloudfunctions.googleapis.com/v1/operations/ZGlzbmV5LWRhaWx5LXBsYW5uZXItZGJhZDIvdXMtY2VudHJhbDEvY29sbGVjdFBhcmtEYXRhL2VMb3ZKOEpqbE1R {"name":"operations/ZGlzbmV5LWRhaWx5LXBsYW5uZXItZGJhZDIvdXMtY2VudHJhbDEvY29sbGVjdFBhcmtEYXRhL2VMb3ZKOEpqbE1R","metadata":{"@type":"type.googleapis.com/google.cloud.functions.v1.OperationMetadataV1","target":"projects/disney-daily-planner-dbad2/locations/us-central1/functions/collectParkData","type":"UPDATE_FUNCTION","request":{"@type":"type.googleapis.com/google.cloud.functions.v1.CloudFunction","name":"projects/disney-daily-planner-dbad2/locations/us-central1/functions/collectParkData","eventTrigger":{"eventType":"google.pubsub.topic.publish","resource":"projects/disney-daily-planner-dbad2/topics/firebase-schedule-collectParkData-us-central1","service":"pubsub.googleapis.com","failurePolicy":{}},"status":"ACTIVE","entryPoint":"collectParkData","timeout":"60s","availableMemoryMb":256,"serviceAccountEmail":"disney-daily-planner-dbad2@appspot.gserviceaccount.com","updateTime":"2022-12-12T23:53:01.412Z","versionId":"13","labels":{"deployment-tool":"cli-firebase","deployment-scheduled":"true","firebase-functions-hash":"64384015ff3e7b5c3f487a4b0c45725f22f1be67"},"sourceUploadUrl":"https://storage.googleapis.com/uploads-756654863367.us-central1.cloudfunctions.appspot.com/a3387d94-0c40-4416-8954-aceea01954ac.zip?GoogleAccessId=service-401303154540@gcf-admin-robot.iam.gserviceaccount.com&Expires=1670892272&Signature=D5zagK3bts7a848FeS4l9SWDEamgs4ZGvJ433UW9%2F1Qy06Rj7ZQzl9ffALn769f876DQrbXPmMLdKZIBYYeQt5fHSR6vV%2Fb8mvVPI7IahHO8eY8LmQqKLlizFUZ7s1VPoTr9TtsWJdiRqQsRCOANpdIfn%2BDJ2Up7qZTeF3%2BSUeXgsItFZX9L3SZzh4bKX2BUhNQ9paaiRmERmrLSp%2FZTK2phPdDv6v7jjkBqGUgKBwO%2Bsoz6mwwF51dqoc9yId4%2FUDxDWjtdtshYf3iUMLgEwPEylHiqbrN1qgoQg2T7TCwBCuRj76HJv0hUocoH8FMkIit7tHrOxbXIVEY5Tf7m2w%3D%3D","environmentVariables":{"REACT_APP_FIREBASE_KEY":"AIzaSyC5aFsjKiuGgD-3uxDtO50vuOjWujZEds4","FIREBASE_CONFIG":"{\"projectId\":\"disney-daily-planner-dbad2\",\"databaseURL\":\"https://disney-daily-planner-dbad2-default-rtdb.firebaseio.com\",\"storageBucket\":\"disney-daily-planner-dbad2.appspot.com\",\"locationId\":\"us-central\"}","GCLOUD_PROJECT":"disney-daily-planner-dbad2","EVENTARC_CLOUD_EVENT_SOURCE":"projects/disney-daily-planner-dbad2/locations/us-central1/functions/collectParkData"},"runtime":"nodejs16","maxInstances":3000,"ingressSettings":"ALLOW_ALL","buildId":"20090e35-e3dc-403a-91cb-e66b1dd65928","buildName":"projects/401303154540/locations/us-central1/builds/20090e35-e3dc-403a-91cb-e66b1dd65928","dockerRegistry":"ARTIFACT_REGISTRY"},"versionId":"14","updateTime":"2022-12-13T00:14:33Z"}}
[debug] [2022-12-13T00:14:32.313Z] [update-default-us-central1-collectParkData] Retrying task index 0
[debug] [2022-12-13T00:14:32.314Z] >>> [apiv2][query] GET https://cloudfunctions.googleapis.com/v1/operations/ZGlzbmV5LWRhaWx5LXBsYW5uZXItZGJhZDIvdXMtY2VudHJhbDEvY29sbGVjdFBhcmtEYXRhL2VMb3ZKOEpqbE1R [none]
[debug] [2022-12-13T00:14:32.495Z] <<< [apiv2][status] GET https://cloudfunctions.googleapis.com/v1/operations/ZGlzbmV5LWRhaWx5LXBsYW5uZXItZGJhZDIvdXMtY2VudHJhbDEvY29sbGVjdFBhcmtEYXRhL2VMb3ZKOEpqbE1R 200
[debug] [2022-12-13T00:14:32.495Z] <<< [apiv2][body] GET https://cloudfunctions.googleapis.com/v1/operations/ZGlzbmV5LWRhaWx5LXBsYW5uZXItZGJhZDIvdXMtY2VudHJhbDEvY29sbGVjdFBhcmtEYXRhL2VMb3ZKOEpqbE1R {"name":"operations/ZGlzbmV5LWRhaWx5LXBsYW5uZXItZGJhZDIvdXMtY2VudHJhbDEvY29sbGVjdFBhcmtEYXRhL2VMb3ZKOEpqbE1R","metadata":{"@type":"type.googleapis.com/google.cloud.functions.v1.OperationMetadataV1","target":"projects/disney-daily-planner-dbad2/locations/us-central1/functions/collectParkData","type":"UPDATE_FUNCTION","request":{"@type":"type.googleapis.com/google.cloud.functions.v1.CloudFunction","name":"projects/disney-daily-planner-dbad2/locations/us-central1/functions/collectParkData","eventTrigger":{"eventType":"google.pubsub.topic.publish","resource":"projects/disney-daily-planner-dbad2/topics/firebase-schedule-collectParkData-us-central1","service":"pubsub.googleapis.com","failurePolicy":{}},"status":"ACTIVE","entryPoint":"collectParkData","timeout":"60s","availableMemoryMb":256,"serviceAccountEmail":"disney-daily-planner-dbad2@appspot.gserviceaccount.com","updateTime":"2022-12-12T23:53:01.412Z","versionId":"13","labels":{"deployment-tool":"cli-firebase","deployment-scheduled":"true","firebase-functions-hash":"64384015ff3e7b5c3f487a4b0c45725f22f1be67"},"sourceUploadUrl":"https://storage.googleapis.com/uploads-756654863367.us-central1.cloudfunctions.appspot.com/a3387d94-0c40-4416-8954-aceea01954ac.zip?GoogleAccessId=service-401303154540@gcf-admin-robot.iam.gserviceaccount.com&Expires=1670892272&Signature=D5zagK3bts7a848FeS4l9SWDEamgs4ZGvJ433UW9%2F1Qy06Rj7ZQzl9ffALn769f876DQrbXPmMLdKZIBYYeQt5fHSR6vV%2Fb8mvVPI7IahHO8eY8LmQqKLlizFUZ7s1VPoTr9TtsWJdiRqQsRCOANpdIfn%2BDJ2Up7qZTeF3%2BSUeXgsItFZX9L3SZzh4bKX2BUhNQ9paaiRmERmrLSp%2FZTK2phPdDv6v7jjkBqGUgKBwO%2Bsoz6mwwF51dqoc9yId4%2FUDxDWjtdtshYf3iUMLgEwPEylHiqbrN1qgoQg2T7TCwBCuRj76HJv0hUocoH8FMkIit7tHrOxbXIVEY5Tf7m2w%3D%3D","environmentVariables":{"REACT_APP_FIREBASE_KEY":"AIzaSyC5aFsjKiuGgD-3uxDtO50vuOjWujZEds4","FIREBASE_CONFIG":"{\"projectId\":\"disney-daily-planner-dbad2\",\"databaseURL\":\"https://disney-daily-planner-dbad2-default-rtdb.firebaseio.com\",\"storageBucket\":\"disney-daily-planner-dbad2.appspot.com\",\"locationId\":\"us-central\"}","GCLOUD_PROJECT":"disney-daily-planner-dbad2","EVENTARC_CLOUD_EVENT_SOURCE":"projects/disney-daily-planner-dbad2/locations/us-central1/functions/collectParkData"},"runtime":"nodejs16","maxInstances":3000,"ingressSettings":"ALLOW_ALL","buildId":"20090e35-e3dc-403a-91cb-e66b1dd65928","buildName":"projects/401303154540/locations/us-central1/builds/20090e35-e3dc-403a-91cb-e66b1dd65928","dockerRegistry":"ARTIFACT_REGISTRY"},"versionId":"14","updateTime":"2022-12-13T00:14:33Z","buildId":"3c02464e-14d3-4631-9c82-dba3b316b627","buildName":"projects/401303154540/locations/us-central1/builds/3c02464e-14d3-4631-9c82-dba3b316b627"}}
[debug] [2022-12-13T00:14:34.505Z] [update-default-us-central1-collectParkData] Retrying task index 0
[debug] [2022-12-13T00:14:34.507Z] >>> [apiv2][query] GET https://cloudfunctions.googleapis.com/v1/operations/ZGlzbmV5LWRhaWx5LXBsYW5uZXItZGJhZDIvdXMtY2VudHJhbDEvY29sbGVjdFBhcmtEYXRhL2VMb3ZKOEpqbE1R [none]
[debug] [2022-12-13T00:14:34.670Z] <<< [apiv2][status] GET https://cloudfunctions.googleapis.com/v1/operations/ZGlzbmV5LWRhaWx5LXBsYW5uZXItZGJhZDIvdXMtY2VudHJhbDEvY29sbGVjdFBhcmtEYXRhL2VMb3ZKOEpqbE1R 200
[debug] [2022-12-13T00:14:34.671Z] <<< [apiv2][body] GET https://cloudfunctions.googleapis.com/v1/operations/ZGlzbmV5LWRhaWx5LXBsYW5uZXItZGJhZDIvdXMtY2VudHJhbDEvY29sbGVjdFBhcmtEYXRhL2VMb3ZKOEpqbE1R {"name":"operations/ZGlzbmV5LWRhaWx5LXBsYW5uZXItZGJhZDIvdXMtY2VudHJhbDEvY29sbGVjdFBhcmtEYXRhL2VMb3ZKOEpqbE1R","metadata":{"@type":"type.googleapis.com/google.cloud.functions.v1.OperationMetadataV1","target":"projects/disney-daily-planner-dbad2/locations/us-central1/functions/collectParkData","type":"UPDATE_FUNCTION","request":{"@type":"type.googleapis.com/google.cloud.functions.v1.CloudFunction","name":"projects/disney-daily-planner-dbad2/locations/us-central1/functions/collectParkData","eventTrigger":{"eventType":"google.pubsub.topic.publish","resource":"projects/disney-daily-planner-dbad2/topics/firebase-schedule-collectParkData-us-central1","service":"pubsub.googleapis.com","failurePolicy":{}},"status":"ACTIVE","entryPoint":"collectParkData","timeout":"60s","availableMemoryMb":256,"serviceAccountEmail":"disney-daily-planner-dbad2@appspot.gserviceaccount.com","updateTime":"2022-12-12T23:53:01.412Z","versionId":"13","labels":{"deployment-tool":"cli-firebase","deployment-scheduled":"true","firebase-functions-hash":"64384015ff3e7b5c3f487a4b0c45725f22f1be67"},"sourceUploadUrl":"https://storage.googleapis.com/uploads-756654863367.us-central1.cloudfunctions.appspot.com/a3387d94-0c40-4416-8954-aceea01954ac.zip?GoogleAccessId=service-401303154540@gcf-admin-robot.iam.gserviceaccount.com&Expires=1670892272&Signature=D5zagK3bts7a848FeS4l9SWDEamgs4ZGvJ433UW9%2F1Qy06Rj7ZQzl9ffALn769f876DQrbXPmMLdKZIBYYeQt5fHSR6vV%2Fb8mvVPI7IahHO8eY8LmQqKLlizFUZ7s1VPoTr9TtsWJdiRqQsRCOANpdIfn%2BDJ2Up7qZTeF3%2BSUeXgsItFZX9L3SZzh4bKX2BUhNQ9paaiRmERmrLSp%2FZTK2phPdDv6v7jjkBqGUgKBwO%2Bsoz6mwwF51dqoc9yId4%2FUDxDWjtdtshYf3iUMLgEwPEylHiqbrN1qgoQg2T7TCwBCuRj76HJv0hUocoH8FMkIit7tHrOxbXIVEY5Tf7m2w%3D%3D","environmentVariables":{"REACT_APP_FIREBASE_KEY":"AIzaSyC5aFsjKiuGgD-3uxDtO50vuOjWujZEds4","FIREBASE_CONFIG":"{\"projectId\":\"disney-daily-planner-dbad2\",\"databaseURL\":\"https://disney-daily-planner-dbad2-default-rtdb.firebaseio.com\",\"storageBucket\":\"disney-daily-planner-dbad2.appspot.com\",\"locationId\":\"us-central\"}","GCLOUD_PROJECT":"disney-daily-planner-dbad2","EVENTARC_CLOUD_EVENT_SOURCE":"projects/disney-daily-planner-dbad2/locations/us-central1/functions/collectParkData"},"runtime":"nodejs16","maxInstances":3000,"ingressSettings":"ALLOW_ALL","buildId":"20090e35-e3dc-403a-91cb-e66b1dd65928","buildName":"projects/401303154540/locations/us-central1/builds/20090e35-e3dc-403a-91cb-e66b1dd65928","dockerRegistry":"ARTIFACT_REGISTRY"},"versionId":"14","updateTime":"2022-12-13T00:14:33Z","buildId":"3c02464e-14d3-4631-9c82-dba3b316b627","buildName":"projects/401303154540/locations/us-central1/builds/3c02464e-14d3-4631-9c82-dba3b316b627"}}
[debug] [2022-12-13T00:14:38.677Z] [update-default-us-central1-collectParkData] Retrying task index 0
[debug] [2022-12-13T00:14:38.678Z] >>> [apiv2][query] GET https://cloudfunctions.googleapis.com/v1/operations/ZGlzbmV5LWRhaWx5LXBsYW5uZXItZGJhZDIvdXMtY2VudHJhbDEvY29sbGVjdFBhcmtEYXRhL2VMb3ZKOEpqbE1R [none]
[debug] [2022-12-13T00:14:38.857Z] <<< [apiv2][status] GET https://cloudfunctions.googleapis.com/v1/operations/ZGlzbmV5LWRhaWx5LXBsYW5uZXItZGJhZDIvdXMtY2VudHJhbDEvY29sbGVjdFBhcmtEYXRhL2VMb3ZKOEpqbE1R 200
[debug] [2022-12-13T00:14:38.857Z] <<< [apiv2][body] GET https://cloudfunctions.googleapis.com/v1/operations/ZGlzbmV5LWRhaWx5LXBsYW5uZXItZGJhZDIvdXMtY2VudHJhbDEvY29sbGVjdFBhcmtEYXRhL2VMb3ZKOEpqbE1R {"name":"operations/ZGlzbmV5LWRhaWx5LXBsYW5uZXItZGJhZDIvdXMtY2VudHJhbDEvY29sbGVjdFBhcmtEYXRhL2VMb3ZKOEpqbE1R","metadata":{"@type":"type.googleapis.com/google.cloud.functions.v1.OperationMetadataV1","target":"projects/disney-daily-planner-dbad2/locations/us-central1/functions/collectParkData","type":"UPDATE_FUNCTION","request":{"@type":"type.googleapis.com/google.cloud.functions.v1.CloudFunction","name":"projects/disney-daily-planner-dbad2/locations/us-central1/functions/collectParkData","eventTrigger":{"eventType":"google.pubsub.topic.publish","resource":"projects/disney-daily-planner-dbad2/topics/firebase-schedule-collectParkData-us-central1","service":"pubsub.googleapis.com","failurePolicy":{}},"status":"ACTIVE","entryPoint":"collectParkData","timeout":"60s","availableMemoryMb":256,"serviceAccountEmail":"disney-daily-planner-dbad2@appspot.gserviceaccount.com","updateTime":"2022-12-12T23:53:01.412Z","versionId":"13","labels":{"deployment-tool":"cli-firebase","deployment-scheduled":"true","firebase-functions-hash":"64384015ff3e7b5c3f487a4b0c45725f22f1be67"},"sourceUploadUrl":"https://storage.googleapis.com/uploads-756654863367.us-central1.cloudfunctions.appspot.com/a3387d94-0c40-4416-8954-aceea01954ac.zip?GoogleAccessId=service-401303154540@gcf-admin-robot.iam.gserviceaccount.com&Expires=1670892272&Signature=D5zagK3bts7a848FeS4l9SWDEamgs4ZGvJ433UW9%2F1Qy06Rj7ZQzl9ffALn769f876DQrbXPmMLdKZIBYYeQt5fHSR6vV%2Fb8mvVPI7IahHO8eY8LmQqKLlizFUZ7s1VPoTr9TtsWJdiRqQsRCOANpdIfn%2BDJ2Up7qZTeF3%2BSUeXgsItFZX9L3SZzh4bKX2BUhNQ9paaiRmERmrLSp%2FZTK2phPdDv6v7jjkBqGUgKBwO%2Bsoz6mwwF51dqoc9yId4%2FUDxDWjtdtshYf3iUMLgEwPEylHiqbrN1qgoQg2T7TCwBCuRj76HJv0hUocoH8FMkIit7tHrOxbXIVEY5Tf7m2w%3D%3D","environmentVariables":{"REACT_APP_FIREBASE_KEY":"AIzaSyC5aFsjKiuGgD-3uxDtO50vuOjWujZEds4","FIREBASE_CONFIG":"{\"projectId\":\"disney-daily-planner-dbad2\",\"databaseURL\":\"https://disney-daily-planner-dbad2-default-rtdb.firebaseio.com\",\"storageBucket\":\"disney-daily-planner-dbad2.appspot.com\",\"locationId\":\"us-central\"}","GCLOUD_PROJECT":"disney-daily-planner-dbad2","EVENTARC_CLOUD_EVENT_SOURCE":"projects/disney-daily-planner-dbad2/locations/us-central1/functions/collectParkData"},"runtime":"nodejs16","maxInstances":3000,"ingressSettings":"ALLOW_ALL","buildId":"20090e35-e3dc-403a-91cb-e66b1dd65928","buildName":"projects/401303154540/locations/us-central1/builds/20090e35-e3dc-403a-91cb-e66b1dd65928","dockerRegistry":"ARTIFACT_REGISTRY"},"versionId":"14","updateTime":"2022-12-13T00:14:33Z","buildId":"3c02464e-14d3-4631-9c82-dba3b316b627","buildName":"projects/401303154540/locations/us-central1/builds/3c02464e-14d3-4631-9c82-dba3b316b627"}}
[debug] [2022-12-13T00:14:47.137Z] [update-default-us-central1-collectParkData] Retrying task index 0
[debug] [2022-12-13T00:14:47.137Z] >>> [apiv2][query] GET https://cloudfunctions.googleapis.com/v1/operations/ZGlzbmV5LWRhaWx5LXBsYW5uZXItZGJhZDIvdXMtY2VudHJhbDEvY29sbGVjdFBhcmtEYXRhL2VMb3ZKOEpqbE1R [none]
[debug] [2022-12-13T00:14:47.355Z] <<< [apiv2][status] GET https://cloudfunctions.googleapis.com/v1/operations/ZGlzbmV5LWRhaWx5LXBsYW5uZXItZGJhZDIvdXMtY2VudHJhbDEvY29sbGVjdFBhcmtEYXRhL2VMb3ZKOEpqbE1R 200
[debug] [2022-12-13T00:14:47.355Z] <<< [apiv2][body] GET https://cloudfunctions.googleapis.com/v1/operations/ZGlzbmV5LWRhaWx5LXBsYW5uZXItZGJhZDIvdXMtY2VudHJhbDEvY29sbGVjdFBhcmtEYXRhL2VMb3ZKOEpqbE1R {"name":"operations/ZGlzbmV5LWRhaWx5LXBsYW5uZXItZGJhZDIvdXMtY2VudHJhbDEvY29sbGVjdFBhcmtEYXRhL2VMb3ZKOEpqbE1R","metadata":{"@type":"type.googleapis.com/google.cloud.functions.v1.OperationMetadataV1","target":"projects/disney-daily-planner-dbad2/locations/us-central1/functions/collectParkData","type":"UPDATE_FUNCTION","request":{"@type":"type.googleapis.com/google.cloud.functions.v1.CloudFunction","name":"projects/disney-daily-planner-dbad2/locations/us-central1/functions/collectParkData","eventTrigger":{"eventType":"google.pubsub.topic.publish","resource":"projects/disney-daily-planner-dbad2/topics/firebase-schedule-collectParkData-us-central1","service":"pubsub.googleapis.com","failurePolicy":{}},"status":"ACTIVE","entryPoint":"collectParkData","timeout":"60s","availableMemoryMb":256,"serviceAccountEmail":"disney-daily-planner-dbad2@appspot.gserviceaccount.com","updateTime":"2022-12-12T23:53:01.412Z","versionId":"13","labels":{"deployment-tool":"cli-firebase","deployment-scheduled":"true","firebase-functions-hash":"64384015ff3e7b5c3f487a4b0c45725f22f1be67"},"sourceUploadUrl":"https://storage.googleapis.com/uploads-756654863367.us-central1.cloudfunctions.appspot.com/a3387d94-0c40-4416-8954-aceea01954ac.zip?GoogleAccessId=service-401303154540@gcf-admin-robot.iam.gserviceaccount.com&Expires=1670892272&Signature=D5zagK3bts7a848FeS4l9SWDEamgs4ZGvJ433UW9%2F1Qy06Rj7ZQzl9ffALn769f876DQrbXPmMLdKZIBYYeQt5fHSR6vV%2Fb8mvVPI7IahHO8eY8LmQqKLlizFUZ7s1VPoTr9TtsWJdiRqQsRCOANpdIfn%2BDJ2Up7qZTeF3%2BSUeXgsItFZX9L3SZzh4bKX2BUhNQ9paaiRmERmrLSp%2FZTK2phPdDv6v7jjkBqGUgKBwO%2Bsoz6mwwF51dqoc9yId4%2FUDxDWjtdtshYf3iUMLgEwPEylHiqbrN1qgoQg2T7TCwBCuRj76HJv0hUocoH8FMkIit7tHrOxbXIVEY5Tf7m2w%3D%3D","environmentVariables":{"REACT_APP_FIREBASE_KEY":"AIzaSyC5aFsjKiuGgD-3uxDtO50vuOjWujZEds4","FIREBASE_CONFIG":"{\"projectId\":\"disney-daily-planner-dbad2\",\"databaseURL\":\"https://disney-daily-planner-dbad2-default-rtdb.firebaseio.com\",\"storageBucket\":\"disney-daily-planner-dbad2.appspot.com\",\"locationId\":\"us-central\"}","GCLOUD_PROJECT":"disney-daily-planner-dbad2","EVENTARC_CLOUD_EVENT_SOURCE":"projects/disney-daily-planner-dbad2/locations/us-central1/functions/collectParkData"},"runtime":"nodejs16","maxInstances":3000,"ingressSettings":"ALLOW_ALL","buildId":"20090e35-e3dc-403a-91cb-e66b1dd65928","buildName":"projects/401303154540/locations/us-central1/builds/20090e35-e3dc-403a-91cb-e66b1dd65928","dockerRegistry":"ARTIFACT_REGISTRY"},"versionId":"14","updateTime":"2022-12-13T00:14:33Z","buildId":"3c02464e-14d3-4631-9c82-dba3b316b627","buildName":"projects/401303154540/locations/us-central1/builds/3c02464e-14d3-4631-9c82-dba3b316b627"}}
[debug] [2022-12-13T00:14:57.363Z] [update-default-us-central1-collectParkData] Retrying task index 0
[debug] [2022-12-13T00:14:57.364Z] >>> [apiv2][query] GET https://cloudfunctions.googleapis.com/v1/operations/ZGlzbmV5LWRhaWx5LXBsYW5uZXItZGJhZDIvdXMtY2VudHJhbDEvY29sbGVjdFBhcmtEYXRhL2VMb3ZKOEpqbE1R [none]
[debug] [2022-12-13T00:14:57.532Z] <<< [apiv2][status] GET https://cloudfunctions.googleapis.com/v1/operations/ZGlzbmV5LWRhaWx5LXBsYW5uZXItZGJhZDIvdXMtY2VudHJhbDEvY29sbGVjdFBhcmtEYXRhL2VMb3ZKOEpqbE1R 200
[debug] [2022-12-13T00:14:57.532Z] <<< [apiv2][body] GET https://cloudfunctions.googleapis.com/v1/operations/ZGlzbmV5LWRhaWx5LXBsYW5uZXItZGJhZDIvdXMtY2VudHJhbDEvY29sbGVjdFBhcmtEYXRhL2VMb3ZKOEpqbE1R {"name":"operations/ZGlzbmV5LWRhaWx5LXBsYW5uZXItZGJhZDIvdXMtY2VudHJhbDEvY29sbGVjdFBhcmtEYXRhL2VMb3ZKOEpqbE1R","metadata":{"@type":"type.googleapis.com/google.cloud.functions.v1.OperationMetadataV1","target":"projects/disney-daily-planner-dbad2/locations/us-central1/functions/collectParkData","type":"UPDATE_FUNCTION","request":{"@type":"type.googleapis.com/google.cloud.functions.v1.CloudFunction","name":"projects/disney-daily-planner-dbad2/locations/us-central1/functions/collectParkData","eventTrigger":{"eventType":"google.pubsub.topic.publish","resource":"projects/disney-daily-planner-dbad2/topics/firebase-schedule-collectParkData-us-central1","service":"pubsub.googleapis.com","failurePolicy":{}},"status":"ACTIVE","entryPoint":"collectParkData","timeout":"60s","availableMemoryMb":256,"serviceAccountEmail":"disney-daily-planner-dbad2@appspot.gserviceaccount.com","updateTime":"2022-12-12T23:53:01.412Z","versionId":"13","labels":{"deployment-tool":"cli-firebase","deployment-scheduled":"true","firebase-functions-hash":"64384015ff3e7b5c3f487a4b0c45725f22f1be67"},"sourceUploadUrl":"https://storage.googleapis.com/uploads-756654863367.us-central1.cloudfunctions.appspot.com/a3387d94-0c40-4416-8954-aceea01954ac.zip?GoogleAccessId=service-401303154540@gcf-admin-robot.iam.gserviceaccount.com&Expires=1670892272&Signature=D5zagK3bts7a848FeS4l9SWDEamgs4ZGvJ433UW9%2F1Qy06Rj7ZQzl9ffALn769f876DQrbXPmMLdKZIBYYeQt5fHSR6vV%2Fb8mvVPI7IahHO8eY8LmQqKLlizFUZ7s1VPoTr9TtsWJdiRqQsRCOANpdIfn%2BDJ2Up7qZTeF3%2BSUeXgsItFZX9L3SZzh4bKX2BUhNQ9paaiRmERmrLSp%2FZTK2phPdDv6v7jjkBqGUgKBwO%2Bsoz6mwwF51dqoc9yId4%2FUDxDWjtdtshYf3iUMLgEwPEylHiqbrN1qgoQg2T7TCwBCuRj76HJv0hUocoH8FMkIit7tHrOxbXIVEY5Tf7m2w%3D%3D","environmentVariables":{"REACT_APP_FIREBASE_KEY":"AIzaSyC5aFsjKiuGgD-3uxDtO50vuOjWujZEds4","FIREBASE_CONFIG":"{\"projectId\":\"disney-daily-planner-dbad2\",\"databaseURL\":\"https://disney-daily-planner-dbad2-default-rtdb.firebaseio.com\",\"storageBucket\":\"disney-daily-planner-dbad2.appspot.com\",\"locationId\":\"us-central\"}","GCLOUD_PROJECT":"disney-daily-planner-dbad2","EVENTARC_CLOUD_EVENT_SOURCE":"projects/disney-daily-planner-dbad2/locations/us-central1/functions/collectParkData"},"runtime":"nodejs16","maxInstances":3000,"ingressSettings":"ALLOW_ALL","buildId":"20090e35-e3dc-403a-91cb-e66b1dd65928","buildName":"projects/401303154540/locations/us-central1/builds/20090e35-e3dc-403a-91cb-e66b1dd65928","dockerRegistry":"ARTIFACT_REGISTRY"},"versionId":"14","updateTime":"2022-12-13T00:14:33Z","buildId":"3c02464e-14d3-4631-9c82-dba3b316b627","buildName":"projects/401303154540/locations/us-central1/builds/3c02464e-14d3-4631-9c82-dba3b316b627"}}
[debug] [2022-12-13T00:15:07.549Z] [update-default-us-central1-collectParkData] Retrying task index 0
[debug] [2022-12-13T00:15:07.550Z] >>> [apiv2][query] GET https://cloudfunctions.googleapis.com/v1/operations/ZGlzbmV5LWRhaWx5LXBsYW5uZXItZGJhZDIvdXMtY2VudHJhbDEvY29sbGVjdFBhcmtEYXRhL2VMb3ZKOEpqbE1R [none]
[debug] [2022-12-13T00:15:07.737Z] <<< [apiv2][status] GET https://cloudfunctions.googleapis.com/v1/operations/ZGlzbmV5LWRhaWx5LXBsYW5uZXItZGJhZDIvdXMtY2VudHJhbDEvY29sbGVjdFBhcmtEYXRhL2VMb3ZKOEpqbE1R 200
[debug] [2022-12-13T00:15:07.737Z] <<< [apiv2][body] GET https://cloudfunctions.googleapis.com/v1/operations/ZGlzbmV5LWRhaWx5LXBsYW5uZXItZGJhZDIvdXMtY2VudHJhbDEvY29sbGVjdFBhcmtEYXRhL2VMb3ZKOEpqbE1R {"name":"operations/ZGlzbmV5LWRhaWx5LXBsYW5uZXItZGJhZDIvdXMtY2VudHJhbDEvY29sbGVjdFBhcmtEYXRhL2VMb3ZKOEpqbE1R","metadata":{"@type":"type.googleapis.com/google.cloud.functions.v1.OperationMetadataV1","target":"projects/disney-daily-planner-dbad2/locations/us-central1/functions/collectParkData","type":"UPDATE_FUNCTION","request":{"@type":"type.googleapis.com/google.cloud.functions.v1.CloudFunction","name":"projects/disney-daily-planner-dbad2/locations/us-central1/functions/collectParkData","eventTrigger":{"eventType":"google.pubsub.topic.publish","resource":"projects/disney-daily-planner-dbad2/topics/firebase-schedule-collectParkData-us-central1","service":"pubsub.googleapis.com","failurePolicy":{}},"status":"ACTIVE","entryPoint":"collectParkData","timeout":"60s","availableMemoryMb":256,"serviceAccountEmail":"disney-daily-planner-dbad2@appspot.gserviceaccount.com","updateTime":"2022-12-12T23:53:01.412Z","versionId":"13","labels":{"deployment-tool":"cli-firebase","deployment-scheduled":"true","firebase-functions-hash":"64384015ff3e7b5c3f487a4b0c45725f22f1be67"},"sourceUploadUrl":"https://storage.googleapis.com/uploads-756654863367.us-central1.cloudfunctions.appspot.com/a3387d94-0c40-4416-8954-aceea01954ac.zip?GoogleAccessId=service-401303154540@gcf-admin-robot.iam.gserviceaccount.com&Expires=1670892272&Signature=D5zagK3bts7a848FeS4l9SWDEamgs4ZGvJ433UW9%2F1Qy06Rj7ZQzl9ffALn769f876DQrbXPmMLdKZIBYYeQt5fHSR6vV%2Fb8mvVPI7IahHO8eY8LmQqKLlizFUZ7s1VPoTr9TtsWJdiRqQsRCOANpdIfn%2BDJ2Up7qZTeF3%2BSUeXgsItFZX9L3SZzh4bKX2BUhNQ9paaiRmERmrLSp%2FZTK2phPdDv6v7jjkBqGUgKBwO%2Bsoz6mwwF51dqoc9yId4%2FUDxDWjtdtshYf3iUMLgEwPEylHiqbrN1qgoQg2T7TCwBCuRj76HJv0hUocoH8FMkIit7tHrOxbXIVEY5Tf7m2w%3D%3D","environmentVariables":{"REACT_APP_FIREBASE_KEY":"AIzaSyC5aFsjKiuGgD-3uxDtO50vuOjWujZEds4","FIREBASE_CONFIG":"{\"projectId\":\"disney-daily-planner-dbad2\",\"databaseURL\":\"https://disney-daily-planner-dbad2-default-rtdb.firebaseio.com\",\"storageBucket\":\"disney-daily-planner-dbad2.appspot.com\",\"locationId\":\"us-central\"}","GCLOUD_PROJECT":"disney-daily-planner-dbad2","EVENTARC_CLOUD_EVENT_SOURCE":"projects/disney-daily-planner-dbad2/locations/us-central1/functions/collectParkData"},"runtime":"nodejs16","maxInstances":3000,"ingressSettings":"ALLOW_ALL","buildId":"20090e35-e3dc-403a-91cb-e66b1dd65928","buildName":"projects/401303154540/locations/us-central1/builds/20090e35-e3dc-403a-91cb-e66b1dd65928","dockerRegistry":"ARTIFACT_REGISTRY"},"versionId":"14","updateTime":"2022-12-13T00:14:33Z","buildId":"3c02464e-14d3-4631-9c82-dba3b316b627","buildName":"projects/401303154540/locations/us-central1/builds/3c02464e-14d3-4631-9c82-dba3b316b627"}}
[debug] [2022-12-13T00:15:17.751Z] [update-default-us-central1-collectParkData] Retrying task index 0
[debug] [2022-12-13T00:15:17.752Z] >>> [apiv2][query] GET https://cloudfunctions.googleapis.com/v1/operations/ZGlzbmV5LWRhaWx5LXBsYW5uZXItZGJhZDIvdXMtY2VudHJhbDEvY29sbGVjdFBhcmtEYXRhL2VMb3ZKOEpqbE1R [none]
[debug] [2022-12-13T00:15:17.932Z] <<< [apiv2][status] GET https://cloudfunctions.googleapis.com/v1/operations/ZGlzbmV5LWRhaWx5LXBsYW5uZXItZGJhZDIvdXMtY2VudHJhbDEvY29sbGVjdFBhcmtEYXRhL2VMb3ZKOEpqbE1R 200
[debug] [2022-12-13T00:15:17.933Z] <<< [apiv2][body] GET https://cloudfunctions.googleapis.com/v1/operations/ZGlzbmV5LWRhaWx5LXBsYW5uZXItZGJhZDIvdXMtY2VudHJhbDEvY29sbGVjdFBhcmtEYXRhL2VMb3ZKOEpqbE1R {"name":"operations/ZGlzbmV5LWRhaWx5LXBsYW5uZXItZGJhZDIvdXMtY2VudHJhbDEvY29sbGVjdFBhcmtEYXRhL2VMb3ZKOEpqbE1R","metadata":{"@type":"type.googleapis.com/google.cloud.functions.v1.OperationMetadataV1","target":"projects/disney-daily-planner-dbad2/locations/us-central1/functions/collectParkData","type":"UPDATE_FUNCTION","request":{"@type":"type.googleapis.com/google.cloud.functions.v1.CloudFunction","name":"projects/disney-daily-planner-dbad2/locations/us-central1/functions/collectParkData","eventTrigger":{"eventType":"google.pubsub.topic.publish","resource":"projects/disney-daily-planner-dbad2/topics/firebase-schedule-collectParkData-us-central1","service":"pubsub.googleapis.com","failurePolicy":{}},"status":"ACTIVE","entryPoint":"collectParkData","timeout":"60s","availableMemoryMb":256,"serviceAccountEmail":"disney-daily-planner-dbad2@appspot.gserviceaccount.com","updateTime":"2022-12-12T23:53:01.412Z","versionId":"13","labels":{"deployment-tool":"cli-firebase","deployment-scheduled":"true","firebase-functions-hash":"64384015ff3e7b5c3f487a4b0c45725f22f1be67"},"sourceUploadUrl":"https://storage.googleapis.com/uploads-756654863367.us-central1.cloudfunctions.appspot.com/a3387d94-0c40-4416-8954-aceea01954ac.zip?GoogleAccessId=service-401303154540@gcf-admin-robot.iam.gserviceaccount.com&Expires=1670892272&Signature=D5zagK3bts7a848FeS4l9SWDEamgs4ZGvJ433UW9%2F1Qy06Rj7ZQzl9ffALn769f876DQrbXPmMLdKZIBYYeQt5fHSR6vV%2Fb8mvVPI7IahHO8eY8LmQqKLlizFUZ7s1VPoTr9TtsWJdiRqQsRCOANpdIfn%2BDJ2Up7qZTeF3%2BSUeXgsItFZX9L3SZzh4bKX2BUhNQ9paaiRmERmrLSp%2FZTK2phPdDv6v7jjkBqGUgKBwO%2Bsoz6mwwF51dqoc9yId4%2FUDxDWjtdtshYf3iUMLgEwPEylHiqbrN1qgoQg2T7TCwBCuRj76HJv0hUocoH8FMkIit7tHrOxbXIVEY5Tf7m2w%3D%3D","environmentVariables":{"REACT_APP_FIREBASE_KEY":"AIzaSyC5aFsjKiuGgD-3uxDtO50vuOjWujZEds4","FIREBASE_CONFIG":"{\"projectId\":\"disney-daily-planner-dbad2\",\"databaseURL\":\"https://disney-daily-planner-dbad2-default-rtdb.firebaseio.com\",\"storageBucket\":\"disney-daily-planner-dbad2.appspot.com\",\"locationId\":\"us-central\"}","GCLOUD_PROJECT":"disney-daily-planner-dbad2","EVENTARC_CLOUD_EVENT_SOURCE":"projects/disney-daily-planner-dbad2/locations/us-central1/functions/collectParkData"},"runtime":"nodejs16","maxInstances":3000,"ingressSettings":"ALLOW_ALL","buildId":"20090e35-e3dc-403a-91cb-e66b1dd65928","buildName":"projects/401303154540/locations/us-central1/builds/20090e35-e3dc-403a-91cb-e66b1dd65928","dockerRegistry":"ARTIFACT_REGISTRY"},"versionId":"14","updateTime":"2022-12-13T00:14:33Z","buildId":"3c02464e-14d3-4631-9c82-dba3b316b627","buildName":"projects/401303154540/locations/us-central1/builds/3c02464e-14d3-4631-9c82-dba3b316b627"}}
[debug] [2022-12-13T00:15:27.948Z] [update-default-us-central1-collectParkData] Retrying task index 0
[debug] [2022-12-13T00:15:27.949Z] >>> [apiv2][query] GET https://cloudfunctions.googleapis.com/v1/operations/ZGlzbmV5LWRhaWx5LXBsYW5uZXItZGJhZDIvdXMtY2VudHJhbDEvY29sbGVjdFBhcmtEYXRhL2VMb3ZKOEpqbE1R [none]
[debug] [2022-12-13T00:15:28.130Z] <<< [apiv2][status] GET https://cloudfunctions.googleapis.com/v1/operations/ZGlzbmV5LWRhaWx5LXBsYW5uZXItZGJhZDIvdXMtY2VudHJhbDEvY29sbGVjdFBhcmtEYXRhL2VMb3ZKOEpqbE1R 200
[debug] [2022-12-13T00:15:28.131Z] <<< [apiv2][body] GET https://cloudfunctions.googleapis.com/v1/operations/ZGlzbmV5LWRhaWx5LXBsYW5uZXItZGJhZDIvdXMtY2VudHJhbDEvY29sbGVjdFBhcmtEYXRhL2VMb3ZKOEpqbE1R {"name":"operations/ZGlzbmV5LWRhaWx5LXBsYW5uZXItZGJhZDIvdXMtY2VudHJhbDEvY29sbGVjdFBhcmtEYXRhL2VMb3ZKOEpqbE1R","metadata":{"@type":"type.googleapis.com/google.cloud.functions.v1.OperationMetadataV1","target":"projects/disney-daily-planner-dbad2/locations/us-central1/functions/collectParkData","type":"UPDATE_FUNCTION","request":{"@type":"type.googleapis.com/google.cloud.functions.v1.CloudFunction","name":"projects/disney-daily-planner-dbad2/locations/us-central1/functions/collectParkData","eventTrigger":{"eventType":"google.pubsub.topic.publish","resource":"projects/disney-daily-planner-dbad2/topics/firebase-schedule-collectParkData-us-central1","service":"pubsub.googleapis.com","failurePolicy":{}},"status":"ACTIVE","entryPoint":"collectParkData","timeout":"60s","availableMemoryMb":256,"serviceAccountEmail":"disney-daily-planner-dbad2@appspot.gserviceaccount.com","updateTime":"2022-12-12T23:53:01.412Z","versionId":"13","labels":{"deployment-tool":"cli-firebase","deployment-scheduled":"true","firebase-functions-hash":"64384015ff3e7b5c3f487a4b0c45725f22f1be67"},"sourceUploadUrl":"https://storage.googleapis.com/uploads-756654863367.us-central1.cloudfunctions.appspot.com/a3387d94-0c40-4416-8954-aceea01954ac.zip?GoogleAccessId=service-401303154540@gcf-admin-robot.iam.gserviceaccount.com&Expires=1670892272&Signature=D5zagK3bts7a848FeS4l9SWDEamgs4ZGvJ433UW9%2F1Qy06Rj7ZQzl9ffALn769f876DQrbXPmMLdKZIBYYeQt5fHSR6vV%2Fb8mvVPI7IahHO8eY8LmQqKLlizFUZ7s1VPoTr9TtsWJdiRqQsRCOANpdIfn%2BDJ2Up7qZTeF3%2BSUeXgsItFZX9L3SZzh4bKX2BUhNQ9paaiRmERmrLSp%2FZTK2phPdDv6v7jjkBqGUgKBwO%2Bsoz6mwwF51dqoc9yId4%2FUDxDWjtdtshYf3iUMLgEwPEylHiqbrN1qgoQg2T7TCwBCuRj76HJv0hUocoH8FMkIit7tHrOxbXIVEY5Tf7m2w%3D%3D","environmentVariables":{"REACT_APP_FIREBASE_KEY":"AIzaSyC5aFsjKiuGgD-3uxDtO50vuOjWujZEds4","FIREBASE_CONFIG":"{\"projectId\":\"disney-daily-planner-dbad2\",\"databaseURL\":\"https://disney-daily-planner-dbad2-default-rtdb.firebaseio.com\",\"storageBucket\":\"disney-daily-planner-dbad2.appspot.com\",\"locationId\":\"us-central\"}","GCLOUD_PROJECT":"disney-daily-planner-dbad2","EVENTARC_CLOUD_EVENT_SOURCE":"projects/disney-daily-planner-dbad2/locations/us-central1/functions/collectParkData"},"runtime":"nodejs16","maxInstances":3000,"ingressSettings":"ALLOW_ALL","buildId":"20090e35-e3dc-403a-91cb-e66b1dd65928","buildName":"projects/401303154540/locations/us-central1/builds/20090e35-e3dc-403a-91cb-e66b1dd65928","dockerRegistry":"ARTIFACT_REGISTRY"},"versionId":"14","updateTime":"2022-12-13T00:14:33Z","buildId":"3c02464e-14d3-4631-9c82-dba3b316b627","sourceToken":"8e7ec762-235e-4ccb-8c91-37fabb2d6dd0","buildName":"projects/401303154540/locations/us-central1/builds/3c02464e-14d3-4631-9c82-dba3b316b627"}}
[debug] [2022-12-13T00:15:28.132Z] Got source token 8e7ec762-235e-4ccb-8c91-37fabb2d6dd0 for region us-central1
[debug] [2022-12-13T00:15:38.137Z] [update-default-us-central1-collectParkData] Retrying task index 0
[debug] [2022-12-13T00:15:38.137Z] >>> [apiv2][query] GET https://cloudfunctions.googleapis.com/v1/operations/ZGlzbmV5LWRhaWx5LXBsYW5uZXItZGJhZDIvdXMtY2VudHJhbDEvY29sbGVjdFBhcmtEYXRhL2VMb3ZKOEpqbE1R [none]
[debug] [2022-12-13T00:15:38.324Z] <<< [apiv2][status] GET https://cloudfunctions.googleapis.com/v1/operations/ZGlzbmV5LWRhaWx5LXBsYW5uZXItZGJhZDIvdXMtY2VudHJhbDEvY29sbGVjdFBhcmtEYXRhL2VMb3ZKOEpqbE1R 200
[debug] [2022-12-13T00:15:38.324Z] <<< [apiv2][body] GET https://cloudfunctions.googleapis.com/v1/operations/ZGlzbmV5LWRhaWx5LXBsYW5uZXItZGJhZDIvdXMtY2VudHJhbDEvY29sbGVjdFBhcmtEYXRhL2VMb3ZKOEpqbE1R {"name":"operations/ZGlzbmV5LWRhaWx5LXBsYW5uZXItZGJhZDIvdXMtY2VudHJhbDEvY29sbGVjdFBhcmtEYXRhL2VMb3ZKOEpqbE1R","metadata":{"@type":"type.googleapis.com/google.cloud.functions.v1.OperationMetadataV1","target":"projects/disney-daily-planner-dbad2/locations/us-central1/functions/collectParkData","type":"UPDATE_FUNCTION","request":{"@type":"type.googleapis.com/google.cloud.functions.v1.CloudFunction","name":"projects/disney-daily-planner-dbad2/locations/us-central1/functions/collectParkData","eventTrigger":{"eventType":"google.pubsub.topic.publish","resource":"projects/disney-daily-planner-dbad2/topics/firebase-schedule-collectParkData-us-central1","service":"pubsub.googleapis.com","failurePolicy":{}},"status":"ACTIVE","entryPoint":"collectParkData","timeout":"60s","availableMemoryMb":256,"serviceAccountEmail":"disney-daily-planner-dbad2@appspot.gserviceaccount.com","updateTime":"2022-12-12T23:53:01.412Z","versionId":"13","labels":{"deployment-tool":"cli-firebase","deployment-scheduled":"true","firebase-functions-hash":"64384015ff3e7b5c3f487a4b0c45725f22f1be67"},"sourceUploadUrl":"https://storage.googleapis.com/uploads-756654863367.us-central1.cloudfunctions.appspot.com/a3387d94-0c40-4416-8954-aceea01954ac.zip?GoogleAccessId=service-401303154540@gcf-admin-robot.iam.gserviceaccount.com&Expires=1670892272&Signature=D5zagK3bts7a848FeS4l9SWDEamgs4ZGvJ433UW9%2F1Qy06Rj7ZQzl9ffALn769f876DQrbXPmMLdKZIBYYeQt5fHSR6vV%2Fb8mvVPI7IahHO8eY8LmQqKLlizFUZ7s1VPoTr9TtsWJdiRqQsRCOANpdIfn%2BDJ2Up7qZTeF3%2BSUeXgsItFZX9L3SZzh4bKX2BUhNQ9paaiRmERmrLSp%2FZTK2phPdDv6v7jjkBqGUgKBwO%2Bsoz6mwwF51dqoc9yId4%2FUDxDWjtdtshYf3iUMLgEwPEylHiqbrN1qgoQg2T7TCwBCuRj76HJv0hUocoH8FMkIit7tHrOxbXIVEY5Tf7m2w%3D%3D","environmentVariables":{"REACT_APP_FIREBASE_KEY":"AIzaSyC5aFsjKiuGgD-3uxDtO50vuOjWujZEds4","FIREBASE_CONFIG":"{\"projectId\":\"disney-daily-planner-dbad2\",\"databaseURL\":\"https://disney-daily-planner-dbad2-default-rtdb.firebaseio.com\",\"storageBucket\":\"disney-daily-planner-dbad2.appspot.com\",\"locationId\":\"us-central\"}","GCLOUD_PROJECT":"disney-daily-planner-dbad2","EVENTARC_CLOUD_EVENT_SOURCE":"projects/disney-daily-planner-dbad2/locations/us-central1/functions/collectParkData"},"runtime":"nodejs16","maxInstances":3000,"ingressSettings":"ALLOW_ALL","buildId":"20090e35-e3dc-403a-91cb-e66b1dd65928","buildName":"projects/401303154540/locations/us-central1/builds/20090e35-e3dc-403a-91cb-e66b1dd65928","dockerRegistry":"ARTIFACT_REGISTRY"},"versionId":"14","updateTime":"2022-12-13T00:15:36Z","buildId":"3c02464e-14d3-4631-9c82-dba3b316b627","sourceToken":"8e7ec762-235e-4ccb-8c91-37fabb2d6dd0","buildName":"projects/401303154540/locations/us-central1/builds/3c02464e-14d3-4631-9c82-dba3b316b627"},"done":true,"error":{"code":3,"message":"Function failed on loading user code. This is likely due to a bug in the user code. Error message: Error: please examine your function logs to see the error cause: https://cloud.google.com/functions/docs/monitoring/logging#viewing_logs. Additional troubleshooting documentation can be found at https://cloud.google.com/functions/docs/troubleshooting#logging. Please visit https://cloud.google.com/functions/docs/troubleshooting for in-depth troubleshooting documentation."}}
[debug] [2022-12-13T00:15:38.325Z] Got source token 8e7ec762-235e-4ccb-8c91-37fabb2d6dd0 for region us-central1
[error] Function failed on loading user code. This is likely due to a bug in the user code. Error message: Error: please examine your function logs to see the error cause: https://cloud.google.com/functions/docs/monitoring/logging#viewing_logs. Additional troubleshooting documentation can be found at https://cloud.google.com/functions/docs/troubleshooting#logging. Please visit https://cloud.google.com/functions/docs/troubleshooting for in-depth troubleshooting documentation.
[debug] [2022-12-13T00:15:38.350Z] Total Function Deployment time: 68607
[debug] [2022-12-13T00:15:38.352Z] 1 Functions Deployed
[debug] [2022-12-13T00:15:38.352Z] 1 Functions Errored
[debug] [2022-12-13T00:15:38.352Z] 0 Function Deployments Aborted
[debug] [2022-12-13T00:15:38.352Z] Average Function Deployment time: 68605
[info] 
[info] Functions deploy had errors with the following functions:
	collectParkData(us-central1)
[debug] [2022-12-13T00:15:38.474Z] Not printing URL for HTTPS function. Typically this means it didn't match a filter or we failed deployment
[info] i  functions: cleaning up build files... 
[debug] [2022-12-13T00:15:38.478Z] >>> [apiv2][query] DELETE https://artifactregistry.googleapis.com/v1beta2/projects/disney-daily-planner-dbad2/locations/us-central1/repositories/gcf-artifacts/packages/hello_world [none]
[debug] [2022-12-13T00:15:38.479Z] >>> [apiv2][query] DELETE https://artifactregistry.googleapis.com/v1beta2/projects/disney-daily-planner-dbad2/locations/us-central1/repositories/gcf-artifacts/packages/collect_park_data [none]
[debug] [2022-12-13T00:15:38.481Z] >>> [apiv2][query] GET https://us.gcr.io/v2/disney-daily-planner-dbad2/gcf/us-central1/tags/list [none]
[debug] [2022-12-13T00:15:38.697Z] <<< [apiv2][status] DELETE https://artifactregistry.googleapis.com/v1beta2/projects/disney-daily-planner-dbad2/locations/us-central1/repositories/gcf-artifacts/packages/hello_world 404
[debug] [2022-12-13T00:15:38.698Z] <<< [apiv2][body] DELETE https://artifactregistry.googleapis.com/v1beta2/projects/disney-daily-planner-dbad2/locations/us-central1/repositories/gcf-artifacts/packages/hello_world {"error":{"code":404,"message":"Package \"projects/disney-daily-planner-dbad2/locations/us-central1/repositories/gcf-artifacts/packages/hello_world\" was not found.","status":"NOT_FOUND"}}
[debug] [2022-12-13T00:15:38.717Z] <<< [apiv2][status] DELETE https://artifactregistry.googleapis.com/v1beta2/projects/disney-daily-planner-dbad2/locations/us-central1/repositories/gcf-artifacts/packages/collect_park_data 200
[debug] [2022-12-13T00:15:38.717Z] <<< [apiv2][body] DELETE https://artifactregistry.googleapis.com/v1beta2/projects/disney-daily-planner-dbad2/locations/us-central1/repositories/gcf-artifacts/packages/collect_park_data {"name":"projects/disney-daily-planner-dbad2/locations/us-central1/operations/f995ca99-35c8-4b3f-b3a0-72cbb0ea3a8f","metadata":{"@type":"type.googleapis.com/google.devtools.artifactregistry.v1beta2.OperationMetadata"}}
[debug] [2022-12-13T00:15:38.718Z] >>> [apiv2][query] GET https://artifactregistry.googleapis.com/v1beta2/projects/disney-daily-planner-dbad2/locations/us-central1/operations/f995ca99-35c8-4b3f-b3a0-72cbb0ea3a8f [none]
[debug] [2022-12-13T00:15:38.855Z] <<< [apiv2][status] GET https://us.gcr.io/v2/disney-daily-planner-dbad2/gcf/us-central1/tags/list 200
[debug] [2022-12-13T00:15:38.855Z] <<< [apiv2][body] GET https://us.gcr.io/v2/disney-daily-planner-dbad2/gcf/us-central1/tags/list {"child":[],"manifest":{},"name":"disney-daily-planner-dbad2/gcf/us-central1","tags":[]}
[debug] [2022-12-13T00:15:38.856Z] Could not find image for function projects/disney-daily-planner-dbad2/locations/us-central1/functions/helloWorld
[debug] [2022-12-13T00:15:38.856Z] Could not find image for function projects/disney-daily-planner-dbad2/locations/us-central1/functions/collectParkData
[debug] [2022-12-13T00:15:38.879Z] <<< [apiv2][status] GET https://artifactregistry.googleapis.com/v1beta2/projects/disney-daily-planner-dbad2/locations/us-central1/operations/f995ca99-35c8-4b3f-b3a0-72cbb0ea3a8f 200
[debug] [2022-12-13T00:15:38.879Z] <<< [apiv2][body] GET https://artifactregistry.googleapis.com/v1beta2/projects/disney-daily-planner-dbad2/locations/us-central1/operations/f995ca99-35c8-4b3f-b3a0-72cbb0ea3a8f {"name":"projects/disney-daily-planner-dbad2/locations/us-central1/operations/f995ca99-35c8-4b3f-b3a0-72cbb0ea3a8f","metadata":{"@type":"type.googleapis.com/google.devtools.artifactregistry.v1beta2.OperationMetadata"},"done":true,"response":{"@type":"type.googleapis.com/google.protobuf.Empty"}}
[debug] [2022-12-13T00:15:38.882Z] Functions deploy failed.
[debug] [2022-12-13T00:15:38.883Z] {
  "endpoint": {
    "id": "collectParkData",
    "project": "disney-daily-planner-dbad2",
    "region": "us-central1",
    "entryPoint": "collectParkData",
    "platform": "gcfv1",
    "runtime": "nodejs16",
    "scheduleTrigger": {
      "schedule": "0 8,9,10,11,12,13,14,15,16,17,18,19 * * *",
      "timeZone": "America/New_York"
    },
    "labels": {
      "deployment-tool": "cli-firebase"
    },
    "environmentVariables": {
      "REACT_APP_FIREBASE_KEY": "AIzaSyC5aFsjKiuGgD-3uxDtO50vuOjWujZEds4",
      "FIREBASE_CONFIG": "{\"projectId\":\"disney-daily-planner-dbad2\",\"databaseURL\":\"https://disney-daily-planner-dbad2-default-rtdb.firebaseio.com\",\"storageBucket\":\"disney-daily-planner-dbad2.appspot.com\",\"locationId\":\"us-central\"}",
      "GCLOUD_PROJECT": "disney-daily-planner-dbad2",
      "EVENTARC_CLOUD_EVENT_SOURCE": "projects/disney-daily-planner-dbad2/locations/us-central1/functions/collectParkData"
    },
    "codebase": "default",
    "availableMemoryMb": 256,
    "securityLevel": "SECURE_ALWAYS",
    "targetedByOnly": true,
    "hash": "64384015ff3e7b5c3f487a4b0c45725f22f1be67"
  },
  "op": "update",
  "original": {
    "name": "FirebaseError",
    "children": [],
    "exit": 1,
    "message": "Function failed on loading user code. This is likely due to a bug in the user code. Error message: Error: please examine your function logs to see the error cause: https://cloud.google.com/functions/docs/monitoring/logging#viewing_logs. Additional troubleshooting documentation can be found at https://cloud.google.com/functions/docs/troubleshooting#logging. Please visit https://cloud.google.com/functions/docs/troubleshooting for in-depth troubleshooting documentation.",
    "status": 3
  }
}
[debug] [2022-12-13T00:15:39.008Z] Error: Failed to update function collectParkData in region us-central1
    at C:\Users\aliso\AppData\Roaming\npm\node_modules\firebase-tools\lib\deploy\functions\release\fabricator.js:41:11
    at processTicksAndRejections (node:internal/process/task_queues:96:5)
    at async Fabricator.updateV1Function (C:\Users\aliso\AppData\Roaming\npm\node_modules\firebase-tools\lib\deploy\functions\release\fabricator.js:304:32)
    at async Fabricator.updateEndpoint (C:\Users\aliso\AppData\Roaming\npm\node_modules\firebase-tools\lib\deploy\functions\release\fabricator.js:140:13)
    at async handle (C:\Users\aliso\AppData\Roaming\npm\node_modules\firebase-tools\lib\deploy\functions\release\fabricator.js:78:17)
[error] 
[error] Error: There was an error deploying functions
